###############################################################################
#                                                                             #
# IAR C/C++ Compiler V8.10.3.40338/W32 for 8051         26/Jun/2012  09:07:47 #
# Copyright 2004-2011 IAR Systems AB.                                         #
#                                                                             #
#    Core               =  plain                                              #
#    Code model         =  near                                               #
#    Data model         =  large                                              #
#    Calling convention =  xdata reentrant                                    #
#    Constant location  =  data                                               #
#    Dptr setup         =  1,16                                               #
#    Source file        =  C:\Documents and Settings\usuario\Mis              #
#                          documentos\Server_IAR\HAL\source\clock.c           #
#    Command line       =  -f "C:\Documents and Settings\usuario\Mis          #
#                          documentos\Server_IAR\simpliciti\Configuration\Acc #
#                          ess Point\smpl_config.dat" (-DNUM_CONNECTIONS=1    #
#                          -DSIZE_INFRAME_Q=6 -DSIZE_OUTFRAME_Q=2             #
#                          "-DTHIS_DEVICE_ADDRESS={0x78, 0x56, 0x34, 0x10}"   #
#                          -DACCESS_POINT -DAP_IS_DATA_HUB                    #
#                          -DNUM_STORE_AND_FWD_CLIENTS=3                      #
#                          -DSTARTUP_JOINCONTEXT_ON) -f "C:\Documents and     #
#                          Settings\usuario\Mis documentos\Server_IAR\simplic #
#                          iti\Configuration\smpl_nwk_config.dat"             #
#                          (-DMAX_HOPS=3 -DMAX_HOPS_FROM_AP=1                 #
#                          -DMAX_NWK_PAYLOAD=9 -DMAX_APP_PAYLOAD=19           #
#                          -DDEFAULT_LINK_TOKEN=0x01020304                    #
#                          -DDEFAULT_JOIN_TOKEN=0x05060708 -DAPP_AUTO_ACK     #
#                          -DEXTENDED_API -DxSMPL_SECURE -DxNVOBJECT_SUPPORT  #
#                          -DxSW_TIMER) "C:\Documents and                     #
#                          Settings\usuario\Mis documentos\Server_IAR\HAL\sou #
#                          rce\clock.c" -D ISM_EU -D MCU_H=<ioCC1111.h> -D    #
#                          chip=1111 -D RF_FREQUENCY=868000 -D MRFI_CC1111    #
#                          -D NDEBUG -lC "C:\Documents and                    #
#                          Settings\usuario\Mis documentos\Server_IAR\868MHz  #
#                          - Limited IAR Kickstart (Europe)\List\" -o         #
#                          "C:\Documents and Settings\usuario\Mis             #
#                          documentos\Server_IAR\868MHz - Limited IAR         #
#                          Kickstart (Europe)\Obj\" -e --no_unroll            #
#                          --no_inline --no_tbaa --debug --core=plain         #
#                          --dptr=16,1 --data_model=large --code_model=near   #
#                          --calling_convention=xdata_reentrant               #
#                          --place_constants=data --nr_virtual_regs 8 -I      #
#                          "C:\Documents and Settings\usuario\Mis             #
#                          documentos\Server_IAR\bm-br1\" -I "C:\Documents    #
#                          and Settings\usuario\Mis                           #
#                          documentos\Server_IAR\HAL\include\" -I             #
#                          "C:\Documents and Settings\usuario\Mis             #
#                          documentos\Server_IAR\HAL\source\" -I              #
#                          "C:\Documents and Settings\usuario\Mis             #
#                          documentos\Server_IAR\wbsl\" -I "C:\Documents and  #
#                          Settings\usuario\Mis documentos\Server_IAR\usb\"   #
#                          -I "C:\Documents and Settings\usuario\Mis          #
#                          documentos\Server_IAR\usb\class_cdc\" -I           #
#                          "C:\Documents and Settings\usuario\Mis             #
#                          documentos\Server_IAR\usb\library\" -I             #
#                          "C:\Documents and Settings\usuario\Mis             #
#                          documentos\Server_IAR\usb\library\ccxx11\" -I      #
#                          "C:\Documents and Settings\usuario\Mis             #
#                          documentos\Server_IAR\sync\" -I "C:\Documents and  #
#                          Settings\usuario\Mis documentos\Server_IAR\simplic #
#                          iti\" -I "C:\Documents and Settings\usuario\Mis    #
#                          documentos\Server_IAR\simpliciti\Components\bsp\"  #
#                          -I "C:\Documents and Settings\usuario\Mis          #
#                          documentos\Server_IAR\simpliciti\Components\bsp\dr #
#                          ivers\" -I "C:\Documents and Settings\usuario\Mis  #
#                          documentos\Server_IAR\simpliciti\Components\bsp\bo #
#                          ards\RFUSB\" -I "C:\Documents and                  #
#                          Settings\usuario\Mis documentos\Server_IAR\simplic #
#                          iti\Components\mrfi\" -I "C:\Documents and         #
#                          Settings\usuario\Mis documentos\Server_IAR\simplic #
#                          iti\Components\nwk\" -I "C:\Documents and          #
#                          Settings\usuario\Mis documentos\Server_IAR\simplic #
#                          iti\Components\nwk_applications\" -Om              #
#    List file          =  C:\Documents and Settings\usuario\Mis              #
#                          documentos\Server_IAR\868MHz - Limited IAR         #
#                          Kickstart (Europe)\List\clock.lst                  #
#    Object file        =  C:\Documents and Settings\usuario\Mis              #
#                          documentos\Server_IAR\868MHz - Limited IAR         #
#                          Kickstart (Europe)\Obj\clock.r51                   #
#                                                                             #
#                                                                             #
###############################################################################

C:\Documents and Settings\usuario\Mis documentos\Server_IAR\HAL\source\clock.c
      1          /******************************************************************************
      2              Filename: clock.c
      3          
      4              This file defines clock related functions for the CC1110/CC2510 family
      5              of RF system-on-chips from Texas Instruments.
      6          
      7          ******************************************************************************/
      8          
      9          /******************************************************************************
     10           * INCLUDES
     11           */
     12          
     13          #include "clock.h"

   \                                 In  segment SFR_AN, at 0xbe
   \   unsigned char volatile __sfr SLEEP
   \                     SLEEP:
   \   000000                DS 1

   \                                 In  segment SFR_AN, at 0xc6
   \   unsigned char volatile __sfr CLKCON
   \                     CLKCON:
   \   000000                DS 1
     14          
     15          
     16          
     17          /*******************************************************************************
     18           * PUBLIC FUNCTIONS
     19           */
     20          
     21          
     22          /******************************************************************************
     23          * @fn  clockSetMainSrc
     24          *
     25          * @brief  Function for setting the main system clock source.
     26          *         The function turns off the clock source that is not being used.
     27          *         TICKSPD is set to the same frequency as the source.
     28          *
     29          * @param  uint8 source (one of CLOCK_SRC_HFRC or CLOCK_SRC_XOSC)
     30          *
     31          * @return void
     32          *
     33          ******************************************************************************/

   \                                 In  segment NEAR_CODE, align 1, keep-with-next
     34          void clockSetMainSrc(uint8 source)
   \                     clockSetMainSrc:
     35          {
   \   000000                ; Saved register size: 0
   \   000000                ; Auto size: 0
     36              register uint8 osc32k_bm = CLKCON & CLKCON_OSC32K_BM;
   \   000000   E5C6         MOV     A,0xc6
   \   000002   5480         ANL     A,#0x80
   \   000004   F8           MOV     R0,A
     37          
     38              // Source can have the following values:
     39              // CLOCK_SRC_XOSC   0x00  /*  High speed Crystal Oscillator (XOSC) */
     40              // CLOCK_SRC_HFRC   0x01  /*  Low power RC Oscillator (HFRC) */
     41          
     42              if (source == CLOCK_SRC_HFRC)
   \   000005   7401         MOV     A,#0x1
   \   000007   69           XRL     A,R1
   \   000008   7018         JNZ     ??clockSetMainSrc_0
     43              {
     44                  SLEEP &= ~SLEEP_OSC_PD_BM;       // power up both oscillators
   \   00000A   53BEFB       ANL     0xbe,#0xfb
     45                  while (!IS_HFRC_STABLE());// wait until the oscillator is stable
   \                     ??clockSetMainSrc_1:
   \   00000D   E5BE         MOV     A,0xbe
   \   00000F   A2E5         MOV     C,0xE0 /* A   */.5
   \   000011   50FA         JNC     ??clockSetMainSrc_1
     46          
     47                  CLKCON = (osc32k_bm | CLKCON_OSC_BM | TICKSPD_DIV_2 | CLKSPD_DIV_2);
   \   000013   7449         MOV     A,#0x49
   \   000015   48           ORL     A,R0
   \   000016   F8           MOV     R0,A
   \   000017   88C6         MOV     0xc6,R0
     48                  while (CLKCON != (osc32k_bm | CLKCON_OSC_BM | TICKSPD_DIV_2 | CLKSPD_DIV_2));
   \                     ??clockSetMainSrc_2:
   \   000019   E5C6         MOV     A,0xc6
   \   00001B   68           XRL     A,R0
   \   00001C   70FB         JNZ     ??clockSetMainSrc_2
     49          
     50                  SLEEP |= SLEEP_OSC_PD_BM;        // power down the unused oscillator
   \   00001E   43BE04       ORL     0xbe,#0x4
   \   000021   22           RET
     51              }
     52              else if (source == CLOCK_SRC_XOSC)
   \                     ??clockSetMainSrc_0:
   \   000022   E9           MOV     A,R1
   \   000023   7013         JNZ     ??clockSetMainSrc_3
     53              {
     54                  SLEEP &= ~SLEEP_OSC_PD_BM;       // power up both oscillators
   \   000025   53BEFB       ANL     0xbe,#0xfb
     55                  while (!IS_XOSC_STABLE());// wait until the XOSC is stable
   \                     ??clockSetMainSrc_4:
   \   000028   E5BE         MOV     A,0xbe
   \   00002A   A2E6         MOV     C,0xE0 /* A   */.6
   \   00002C   50FA         JNC     ??clockSetMainSrc_4
     56          
     57                  CLKCON = (osc32k_bm | TICKSPD_DIV_1 | CLKSPD_DIV_1);
   \   00002E   88C6         MOV     0xc6,R0
     58                  while (CLKCON != (osc32k_bm | TICKSPD_DIV_1 | CLKSPD_DIV_1));
   \                     ??clockSetMainSrc_5:
   \   000030   E5C6         MOV     A,0xc6
   \   000032   68           XRL     A,R0
   \   000033   70FB         JNZ     ??clockSetMainSrc_5
     59          
     60                  SLEEP |= SLEEP_OSC_PD_BM;        // power down the unused oscillator
   \   000035   43BE04       ORL     0xbe,#0x4
     61              }
     62          }
   \                     ??clockSetMainSrc_3:
   \   000038   22           RET
   \   000039                REQUIRE CLKCON
   \   000039                REQUIRE SLEEP

   Maximum stack usage in bytes:

     Function        ISTACK PSTACK XSTACK
     --------        ------ ------ ------
     clockSetMainSrc     0      0      0


   Segment part sizes:

     Function/Label  Bytes
     --------------  -----
     SLEEP              1
     CLKCON             1
     clockSetMainSrc   57

 
 57 bytes in segment NEAR_CODE
  2 bytes in segment SFR_AN
 
 57 bytes of CODE memory
  0 bytes of DATA memory (+ 2 bytes shared)

Errors: none
Warnings: none
