###############################################################################
#                                                                             #
# IAR C/C++ Compiler V8.10.3.40338/W32 for 8051         11/Sep/2012  09:53:47 #
# Copyright 2004-2011 IAR Systems AB.                                         #
#                                                                             #
#    Core               =  plain                                              #
#    Code model         =  near                                               #
#    Data model         =  large                                              #
#    Calling convention =  xdata reentrant                                    #
#    Constant location  =  data                                               #
#    Dptr setup         =  1,16                                               #
#    Source file        =  C:\Documents and Settings\usuario\Mis              #
#                          documentos\Server_IAR\HAL\source\hal_assert.c      #
#    Command line       =  -f "C:\Documents and Settings\usuario\Mis          #
#                          documentos\Server_IAR\simpliciti\Configuration\Acc #
#                          ess Point\smpl_config.dat" (-DNUM_CONNECTIONS=1    #
#                          -DSIZE_INFRAME_Q=6 -DSIZE_OUTFRAME_Q=2             #
#                          "-DTHIS_DEVICE_ADDRESS={0x78, 0x56, 0x34, 0x10}"   #
#                          -DACCESS_POINT -DAP_IS_DATA_HUB                    #
#                          -DNUM_STORE_AND_FWD_CLIENTS=3                      #
#                          -DSTARTUP_JOINCONTEXT_ON) -f "C:\Documents and     #
#                          Settings\usuario\Mis documentos\Server_IAR\simplic #
#                          iti\Configuration\smpl_nwk_config.dat"             #
#                          (-DMAX_HOPS=3 -DMAX_HOPS_FROM_AP=1                 #
#                          -DMAX_NWK_PAYLOAD=9 -DMAX_APP_PAYLOAD=19           #
#                          -DDEFAULT_LINK_TOKEN=0x01020304                    #
#                          -DDEFAULT_JOIN_TOKEN=0x05060708 -DAPP_AUTO_ACK     #
#                          -DEXTENDED_API -DxSMPL_SECURE -DxNVOBJECT_SUPPORT  #
#                          -DxSW_TIMER) "C:\Documents and                     #
#                          Settings\usuario\Mis documentos\Server_IAR\HAL\sou #
#                          rce\hal_assert.c" -D ISM_EU -D MCU_H=<ioCC1111.h>  #
#                          -D chip=1111 -D RF_FREQUENCY=868000 -D             #
#                          MRFI_CC1111 -D NDEBUG -lC "C:\Documents and        #
#                          Settings\usuario\Mis documentos\Server_IAR\868MHz  #
#                          - Limited IAR Kickstart (Europe)\List\" -o         #
#                          "C:\Documents and Settings\usuario\Mis             #
#                          documentos\Server_IAR\868MHz - Limited IAR         #
#                          Kickstart (Europe)\Obj\" -e --no_unroll            #
#                          --no_inline --no_tbaa --debug --core=plain         #
#                          --dptr=16,1 --data_model=large --code_model=near   #
#                          --calling_convention=xdata_reentrant               #
#                          --place_constants=data --nr_virtual_regs 8 -I      #
#                          "C:\Documents and Settings\usuario\Mis             #
#                          documentos\Server_IAR\bm-br1\" -I "C:\Documents    #
#                          and Settings\usuario\Mis                           #
#                          documentos\Server_IAR\HAL\include\" -I             #
#                          "C:\Documents and Settings\usuario\Mis             #
#                          documentos\Server_IAR\HAL\source\" -I              #
#                          "C:\Documents and Settings\usuario\Mis             #
#                          documentos\Server_IAR\wbsl\" -I "C:\Documents and  #
#                          Settings\usuario\Mis documentos\Server_IAR\usb\"   #
#                          -I "C:\Documents and Settings\usuario\Mis          #
#                          documentos\Server_IAR\usb\class_cdc\" -I           #
#                          "C:\Documents and Settings\usuario\Mis             #
#                          documentos\Server_IAR\usb\library\" -I             #
#                          "C:\Documents and Settings\usuario\Mis             #
#                          documentos\Server_IAR\usb\library\ccxx11\" -I      #
#                          "C:\Documents and Settings\usuario\Mis             #
#                          documentos\Server_IAR\sync\" -I "C:\Documents and  #
#                          Settings\usuario\Mis documentos\Server_IAR\simplic #
#                          iti\" -I "C:\Documents and Settings\usuario\Mis    #
#                          documentos\Server_IAR\simpliciti\Components\bsp\"  #
#                          -I "C:\Documents and Settings\usuario\Mis          #
#                          documentos\Server_IAR\simpliciti\Components\bsp\dr #
#                          ivers\" -I "C:\Documents and Settings\usuario\Mis  #
#                          documentos\Server_IAR\simpliciti\Components\bsp\bo #
#                          ards\RFUSB\" -I "C:\Documents and                  #
#                          Settings\usuario\Mis documentos\Server_IAR\simplic #
#                          iti\Components\mrfi\" -I "C:\Documents and         #
#                          Settings\usuario\Mis documentos\Server_IAR\simplic #
#                          iti\Components\nwk\" -I "C:\Documents and          #
#                          Settings\usuario\Mis documentos\Server_IAR\simplic #
#                          iti\Components\nwk_applications\" -Om              #
#    List file          =  C:\Documents and Settings\usuario\Mis              #
#                          documentos\Server_IAR\868MHz - Limited IAR         #
#                          Kickstart (Europe)\List\hal_assert.lst             #
#    Object file        =  C:\Documents and Settings\usuario\Mis              #
#                          documentos\Server_IAR\868MHz - Limited IAR         #
#                          Kickstart (Europe)\Obj\hal_assert.r51              #
#                                                                             #
#                                                                             #
###############################################################################

C:\Documents and Settings\usuario\Mis documentos\Server_IAR\HAL\source\hal_assert.c
      1          
      2          /***********************************************************************************
      3            Filename:     hal_assert.c
      4              
      5            Description:  Assert functionality
      6              
      7          ***********************************************************************************/
      8          
      9          /***********************************************************************************
     10          * INCLUDES
     11          */
     12          #include "hal_assert.h"
     13          #include "hal_led.h"
     14          #include "hal_mcu.h"
     15          #include "hal_defs.h"
     16          
     17          
     18          /***********************************************************************************
     19          * GLOBAL FUNCTIONS
     20          */
     21          
     22          /***********************************************************************************
     23          * @fn          halAssertHandler
     24          *
     25          * @brief       Logic to handle an assert.
     26          *
     27          * @param       none
     28          *
     29          * @return      none
     30          ***********************************************************************************
     31          */

   \                                 In  segment NEAR_CODE, align 1, keep-with-next
     32          void halAssertHandler(void)
   \                     halAssertHandler:
     33          {
   \   000000                ; Saved register size: 0
   \   000000                ; Auto size: 0
     34              // execute code that handles asserts 
     35              // blink all leds
     36              while(TRUE){
     37                  halLedToggle(1);
   \                     ??halAssertHandler_0:
   \   000000                ; Setup parameters for call to function halLedToggle
   \   000000   7901         MOV     R1,#0x1
   \   000002   12....       LCALL   halLedToggle
     38                  halMcuWaitMs(50);
   \   000005                ; Setup parameters for call to function halMcuWaitMs
   \   000005   7A32         MOV     R2,#0x32
   \   000007   7B00         MOV     R3,#0x0
   \   000009   12....       LCALL   halMcuWaitMs
   \   00000C   80F2         SJMP    ??halAssertHandler_0
     39              }
     40          }
     41          
     42          
     43          /***********************************************************************************
     44            Copyright 2007 Texas Instruments Incorporated. All rights reserved.
     45          
     46            IMPORTANT: Your use of this Software is limited to those specific rights
     47            granted under the terms of a software license agreement between the user
     48            who downloaded the software, his/her employer (which must be your employer)
     49            and Texas Instruments Incorporated (the "License").  You may not use this
     50            Software unless you agree to abide by the terms of the License. The License
     51            limits your use, and you acknowledge, that the Software may not be modified,
     52            copied or distributed unless embedded on a Texas Instruments microcontroller
     53            or used solely and exclusively in conjunction with a Texas Instruments radio
     54            frequency transceiver, which is integrated into your product.  Other than for
     55            the foregoing purpose, you may not use, reproduce, copy, prepare derivative
     56            works of, modify, distribute, perform, display or sell this Software and/or
     57            its documentation for any purpose.
     58          
     59            YOU FURTHER ACKNOWLEDGE AND AGREE THAT THE SOFTWARE AND DOCUMENTATION ARE
     60            PROVIDED “AS IS” WITHOUT WARRANTY OF ANY KIND, EITHER EXPRESS OR IMPLIED, 
     61            INCLUDING WITHOUT LIMITATION, ANY WARRANTY OF MERCHANTABILITY, TITLE, 
     62            NON-INFRINGEMENT AND FITNESS FOR A PARTICULAR PURPOSE. IN NO EVENT SHALL
     63            TEXAS INSTRUMENTS OR ITS LICENSORS BE LIABLE OR OBLIGATED UNDER CONTRACT,
     64            NEGLIGENCE, STRICT LIABILITY, CONTRIBUTION, BREACH OF WARRANTY, OR OTHER
     65            LEGAL EQUITABLE THEORY ANY DIRECT OR INDIRECT DAMAGES OR EXPENSES
     66            INCLUDING BUT NOT LIMITED TO ANY INCIDENTAL, SPECIAL, INDIRECT, PUNITIVE
     67            OR CONSEQUENTIAL DAMAGES, LOST PROFITS OR LOST DATA, COST OF PROCUREMENT
     68            OF SUBSTITUTE GOODS, TECHNOLOGY, SERVICES, OR ANY CLAIMS BY THIRD PARTIES
     69            (INCLUDING BUT NOT LIMITED TO ANY DEFENSE THEREOF), OR OTHER SIMILAR COSTS.
     70          
     71            Should you have any questions regarding your right to use this Software,
     72            contact Texas Instruments Incorporated at www.TI.com. 
     73          ***********************************************************************************/
     74          

   Maximum stack usage in bytes:

     Function          ISTACK PSTACK XSTACK
     --------          ------ ------ ------
     halAssertHandler      0      0      0
       -> halLedToggle     0      0      0
       -> halMcuWaitMs     0      0      0


   Segment part sizes:

     Function/Label   Bytes
     --------------   -----
     halAssertHandler   14

 
 14 bytes in segment NEAR_CODE
 
 14 bytes of CODE memory

Errors: none
Warnings: none
