###############################################################################
#                                                                             #
# IAR C/C++ Compiler V8.10.3.40338/W32 for 8051         26/Jun/2012  09:07:47 #
# Copyright 2004-2011 IAR Systems AB.                                         #
#                                                                             #
#    Core               =  plain                                              #
#    Code model         =  near                                               #
#    Data model         =  large                                              #
#    Calling convention =  xdata reentrant                                    #
#    Constant location  =  data                                               #
#    Dptr setup         =  1,16                                               #
#    Source file        =  C:\Documents and Settings\usuario\Mis              #
#                          documentos\Server_IAR\HAL\source\hal_board.c       #
#    Command line       =  -f "C:\Documents and Settings\usuario\Mis          #
#                          documentos\Server_IAR\simpliciti\Configuration\Acc #
#                          ess Point\smpl_config.dat" (-DNUM_CONNECTIONS=1    #
#                          -DSIZE_INFRAME_Q=6 -DSIZE_OUTFRAME_Q=2             #
#                          "-DTHIS_DEVICE_ADDRESS={0x78, 0x56, 0x34, 0x10}"   #
#                          -DACCESS_POINT -DAP_IS_DATA_HUB                    #
#                          -DNUM_STORE_AND_FWD_CLIENTS=3                      #
#                          -DSTARTUP_JOINCONTEXT_ON) -f "C:\Documents and     #
#                          Settings\usuario\Mis documentos\Server_IAR\simplic #
#                          iti\Configuration\smpl_nwk_config.dat"             #
#                          (-DMAX_HOPS=3 -DMAX_HOPS_FROM_AP=1                 #
#                          -DMAX_NWK_PAYLOAD=9 -DMAX_APP_PAYLOAD=19           #
#                          -DDEFAULT_LINK_TOKEN=0x01020304                    #
#                          -DDEFAULT_JOIN_TOKEN=0x05060708 -DAPP_AUTO_ACK     #
#                          -DEXTENDED_API -DxSMPL_SECURE -DxNVOBJECT_SUPPORT  #
#                          -DxSW_TIMER) "C:\Documents and                     #
#                          Settings\usuario\Mis documentos\Server_IAR\HAL\sou #
#                          rce\hal_board.c" -D ISM_EU -D MCU_H=<ioCC1111.h>   #
#                          -D chip=1111 -D RF_FREQUENCY=868000 -D             #
#                          MRFI_CC1111 -D NDEBUG -lC "C:\Documents and        #
#                          Settings\usuario\Mis documentos\Server_IAR\868MHz  #
#                          - Limited IAR Kickstart (Europe)\List\" -o         #
#                          "C:\Documents and Settings\usuario\Mis             #
#                          documentos\Server_IAR\868MHz - Limited IAR         #
#                          Kickstart (Europe)\Obj\" -e --no_unroll            #
#                          --no_inline --no_tbaa --debug --core=plain         #
#                          --dptr=16,1 --data_model=large --code_model=near   #
#                          --calling_convention=xdata_reentrant               #
#                          --place_constants=data --nr_virtual_regs 8 -I      #
#                          "C:\Documents and Settings\usuario\Mis             #
#                          documentos\Server_IAR\bm-br1\" -I "C:\Documents    #
#                          and Settings\usuario\Mis                           #
#                          documentos\Server_IAR\HAL\include\" -I             #
#                          "C:\Documents and Settings\usuario\Mis             #
#                          documentos\Server_IAR\HAL\source\" -I              #
#                          "C:\Documents and Settings\usuario\Mis             #
#                          documentos\Server_IAR\wbsl\" -I "C:\Documents and  #
#                          Settings\usuario\Mis documentos\Server_IAR\usb\"   #
#                          -I "C:\Documents and Settings\usuario\Mis          #
#                          documentos\Server_IAR\usb\class_cdc\" -I           #
#                          "C:\Documents and Settings\usuario\Mis             #
#                          documentos\Server_IAR\usb\library\" -I             #
#                          "C:\Documents and Settings\usuario\Mis             #
#                          documentos\Server_IAR\usb\library\ccxx11\" -I      #
#                          "C:\Documents and Settings\usuario\Mis             #
#                          documentos\Server_IAR\sync\" -I "C:\Documents and  #
#                          Settings\usuario\Mis documentos\Server_IAR\simplic #
#                          iti\" -I "C:\Documents and Settings\usuario\Mis    #
#                          documentos\Server_IAR\simpliciti\Components\bsp\"  #
#                          -I "C:\Documents and Settings\usuario\Mis          #
#                          documentos\Server_IAR\simpliciti\Components\bsp\dr #
#                          ivers\" -I "C:\Documents and Settings\usuario\Mis  #
#                          documentos\Server_IAR\simpliciti\Components\bsp\bo #
#                          ards\RFUSB\" -I "C:\Documents and                  #
#                          Settings\usuario\Mis documentos\Server_IAR\simplic #
#                          iti\Components\mrfi\" -I "C:\Documents and         #
#                          Settings\usuario\Mis documentos\Server_IAR\simplic #
#                          iti\Components\nwk\" -I "C:\Documents and          #
#                          Settings\usuario\Mis documentos\Server_IAR\simplic #
#                          iti\Components\nwk_applications\" -Om              #
#    List file          =  C:\Documents and Settings\usuario\Mis              #
#                          documentos\Server_IAR\868MHz - Limited IAR         #
#                          Kickstart (Europe)\List\hal_board.lst              #
#    Object file        =  C:\Documents and Settings\usuario\Mis              #
#                          documentos\Server_IAR\868MHz - Limited IAR         #
#                          Kickstart (Europe)\Obj\hal_board.r51               #
#                                                                             #
#                                                                             #
###############################################################################

C:\Documents and Settings\usuario\Mis documentos\Server_IAR\HAL\source\hal_board.c
      1          /***********************************************************************************
      2              Filename: hal_board.c
      3          
      4              Copyright 2007 Texas Instruments, Inc.
      5          ***********************************************************************************/
      6          
      7          
      8          /******************************************************************************
      9           * INCLUDES
     10           */
     11          
     12          #include "hal_types.h"
     13          #include "hal_mcu.h"
     14          #include "hal_board.h"

   \                                 In  segment SFR_AN, at 0x90
   \   union <unnamed> volatile __sfr _A_P1
   \                     _A_P1:
   \   000000                DS 1

   \                                 In  segment SFR_AN, at 0xf4
   \   unsigned char volatile __sfr P1SEL
   \                     P1SEL:
   \   000000                DS 1

   \                                 In  segment SFR_AN, at 0xfe
   \   unsigned char volatile __sfr P1DIR
   \                     P1DIR:
   \   000000                DS 1
     15          
     16          
     17          
     18          /*******************************************************************************
     19           * GLOBAL FUNCTIONS
     20           */
     21          
     22          
     23          /******************************************************************************
     24           * @fn          halBoardInit
     25           *
     26           * @brief       Sets up board. Initialize MCU with HS XOSC, configure I/O pins
     27           *              and user interface.
     28           *
     29           * @param       none
     30           *
     31           * @return      none
     32           *****************************************************************************/

   \                                 In  segment NEAR_CODE, align 1, keep-with-next
     33          void halBoardInit(void)
   \                     halBoardInit:
     34          {
   \   000000                ; Saved register size: 0
   \   000000                ; Auto size: 0
     35          
     36              // Enable HS XOSC and set maximum clock speed
     37              halMcuInit();
   \   000000                ; Setup parameters for call to function halMcuInit
   \   000000   12....       LCALL   halMcuInit
     38          
     39              // LED
     40              MCU_IO_OUTPUT(HAL_BOARD_IO_LED_PORT, HAL_BOARD_IO_LED_PIN, 0);  // Turn off
   \   000003   53F4FD       ANL     0xf4,#0xfd
   \   000006   C291         CLR     0x90.1
   \   000008   43FE02       ORL     0xfe,#0x2
     41          
     42          }
   \   00000B   22           RET
   \   00000C                REQUIRE P1SEL
   \   00000C                REQUIRE _A_P1
   \   00000C                REQUIRE P1DIR
     43          
     44          
     45          
     46          
     47          
     48          
     49          
     50          
     51          

   Maximum stack usage in bytes:

     Function        ISTACK PSTACK XSTACK
     --------        ------ ------ ------
     halBoardInit        0      0      0
       -> halMcuInit     0      0      0


   Segment part sizes:

     Function/Label Bytes
     -------------- -----
     _A_P1             1
     P1SEL             1
     P1DIR             1
     halBoardInit     12

 
 12 bytes in segment NEAR_CODE
  3 bytes in segment SFR_AN
 
 12 bytes of CODE memory
  0 bytes of DATA memory (+ 3 bytes shared)

Errors: none
Warnings: none
