###############################################################################
#                                                                             #
# IAR C/C++ Compiler V8.11.1.40489/W32 for 8051         22/Jun/2012  15:59:12 #
# Copyright 2004-2012 IAR Systems AB.                                         #
#                                                                             #
#    Core               =  plain                                              #
#    Code model         =  near                                               #
#    Data model         =  large                                              #
#    Calling convention =  xdata reentrant                                    #
#    Constant location  =  data                                               #
#    Dptr setup         =  1,16                                               #
#    Source file        =  D:\PFC\Proyecto\Server\IAR\usb\class_cdc\usb_firmw #
#                          are_library_config.c                               #
#    Command line       =  -f "D:\PFC\Proyecto\Server\IAR\simpliciti\Configur #
#                          ation\Access Point\smpl_config.dat"                #
#                          (-DNUM_CONNECTIONS=1 -DSIZE_INFRAME_Q=6            #
#                          -DSIZE_OUTFRAME_Q=2 "-DTHIS_DEVICE_ADDRESS={0x78,  #
#                          0x56, 0x34, 0x10}" -DACCESS_POINT                  #
#                          -DAP_IS_DATA_HUB -DNUM_STORE_AND_FWD_CLIENTS=3     #
#                          -DSTARTUP_JOINCONTEXT_ON) -f                       #
#                          D:\PFC\Proyecto\Server\IAR\simpliciti\Configuratio #
#                          n\smpl_nwk_config.dat (-DMAX_HOPS=3                #
#                          -DMAX_HOPS_FROM_AP=1 -DMAX_NWK_PAYLOAD=9           #
#                          -DMAX_APP_PAYLOAD=19 -DDEFAULT_LINK_TOKEN=0x010203 #
#                          04 -DDEFAULT_JOIN_TOKEN=0x05060708 -DAPP_AUTO_ACK  #
#                          -DEXTENDED_API -DxSMPL_SECURE -DxNVOBJECT_SUPPORT  #
#                          -DxSW_TIMER) D:\PFC\Proyecto\Server\IAR\usb\class_ #
#                          cdc\usb_firmware_library_config.c -D ISM_US -D     #
#                          MCU_H=<ioCC1111.h> -D chip=1111 -D                 #
#                          RF_FREQUENCY=915000 -D MRFI_CC1111 -D NDEBUG -lC   #
#                          "D:\PFC\Proyecto\Server\IAR\915MHz - Limited IAR   #
#                          Kickstart (USA)\List\" -o                          #
#                          "D:\PFC\Proyecto\Server\IAR\915MHz - Limited IAR   #
#                          Kickstart (USA)\Obj\" -e --no_unroll --no_inline   #
#                          --no_tbaa --debug --core=plain --dptr=16,1         #
#                          --data_model=large --code_model=near               #
#                          --calling_convention=xdata_reentrant               #
#                          --place_constants=data --nr_virtual_regs 8 -I      #
#                          D:\PFC\Proyecto\Server\IAR\bm-br1\ -I              #
#                          D:\PFC\Proyecto\Server\IAR\HAL\include\ -I         #
#                          D:\PFC\Proyecto\Server\IAR\HAL\source\ -I          #
#                          D:\PFC\Proyecto\Server\IAR\wbsl\ -I                #
#                          D:\PFC\Proyecto\Server\IAR\usb\ -I                 #
#                          D:\PFC\Proyecto\Server\IAR\usb\class_cdc\ -I       #
#                          D:\PFC\Proyecto\Server\IAR\usb\library\ -I         #
#                          D:\PFC\Proyecto\Server\IAR\usb\library\ccxx11\ -I  #
#                          D:\PFC\Proyecto\Server\IAR\sync\ -I                #
#                          D:\PFC\Proyecto\Server\IAR\simpliciti\ -I          #
#                          D:\PFC\Proyecto\Server\IAR\simpliciti\Components\b #
#                          sp\ -I D:\PFC\Proyecto\Server\IAR\simpliciti\Compo #
#                          nents\bsp\drivers\ -I D:\PFC\Proyecto\Server\IAR\s #
#                          impliciti\Components\bsp\boards\RFUSB\ -I          #
#                          D:\PFC\Proyecto\Server\IAR\simpliciti\Components\m #
#                          rfi\ -I D:\PFC\Proyecto\Server\IAR\simpliciti\Comp #
#                          onents\nwk\ -I D:\PFC\Proyecto\Server\IAR\simplici #
#                          ti\Components\nwk_applications\ -Om                #
#    List file          =  D:\PFC\Proyecto\Server\IAR\915MHz - Limited IAR    #
#                          Kickstart (USA)\List\usb_firmware_library_config.l #
#                          st                                                 #
#    Object file        =  D:\PFC\Proyecto\Server\IAR\915MHz - Limited IAR    #
#                          Kickstart (USA)\Obj\usb_firmware_library_config.r5 #
#                          1                                                  #
#                                                                             #
#                                                                             #
###############################################################################

D:\PFC\Proyecto\Server\IAR\usb\class_cdc\usb_firmware_library_config.c
      1          /***********************************************************************************
      2          
      3              Filename:     usb_firmware_library_config.c
      4          
      5              Description:  USB library configuration.
      6          
      7          ***********************************************************************************/
      8          
      9          /// \addtogroup module_usb_firmware_library_config
     10          /// @{
     11          #define USBFIRMWARELIBRARYCONFIG_C ///< Modifies the behavior of "EXTERN" in usb_interrupt.h
     12          #include "usb_firmware_library_headers.h"
     13          
     14          //-----------------------------------------------------------------------------
     15          // READ THIS!!
     16          //
     17          // This file configures the USB Firmware Library.
     18          // To use the library, make a copy of this file, rename it to "usb_firmware_library_config.c", and
     19          // put it in the project catalog. Then edit the code below as needed:
     20          //-----------------------------------------------------------------------------
     21          
     22          // Declaration of global USB descriptor pointers

   \                                 In  segment XDATA_I, align 1, keep-with-next
     23          USB_DESCRIPTOR_MARKER usbDescriptorMarker= {
   \                     usbDescriptorMarker:
   \   000000                DS 12
   \   00000C                REQUIRE `?<Initializer for usbDescriptorMarker>`
   \   00000C                REQUIRE __INIT_XDATA_I

   \                                 In  segment XDATA_ID, align 1, keep-with-next
   \                     `?<Initializer for usbDescriptorMarker>`:
   \   000000   ....         DW usbDescStart
   \   000002   ....         DW usbDescEnd
   \   000004   ....         DW usbDescLut
   \   000006   ....         DW usbDescLutEnd
   \   000008   ....         DW usbDblbufLut
   \   00000A   ....         DW usbDblbufLutEnd
     24              (uint8 __code *)&usbDescStart,
     25              (uint8 __code *)&usbDescEnd,
     26              (DESC_LUT_INFO __code *) &usbDescLut,
     27              (DESC_LUT_INFO __code *) &usbDescLutEnd,
     28              (DBLBUF_LUT_INFO __code *) &usbDblbufLut,
     29              (DBLBUF_LUT_INFO __code *) &usbDblbufLutEnd
     30          };
     31          
     32          /// @}
     33          
     34          
     35          /*
     36          +------------------------------------------------------------------------------
     37          |  Copyright 2004-2007 Texas Instruments Incorporated. All rights reserved.
     38          |
     39          |  IMPORTANT: Your use of this Software is limited to those specific rights
     40          |  granted under the terms of a software license agreement between the user who
     41          |  downloaded the software, his/her employer (which must be your employer) and
     42          |  Texas Instruments Incorporated (the "License"). You may not use this Software
     43          |  unless you agree to abide by the terms of the License. The License limits
     44          |  your use, and you acknowledge, that the Software may not be modified, copied
     45          |  or distributed unless embedded on a Texas Instruments microcontroller or used
     46          |  solely and exclusively in conjunction with a Texas Instruments radio
     47          |  frequency transceiver, which is integrated into your product. Other than for
     48          |  the foregoing purpose, you may not use, reproduce, copy, prepare derivative
     49          |  works of, modify, distribute, perform, display or sell this Software and/or
     50          |  its documentation for any purpose.
     51          |
     52          |  YOU FURTHER ACKNOWLEDGE AND AGREE THAT THE SOFTWARE AND DOCUMENTATION ARE
     53          |  PROVIDED “AS IS” WITHOUT WARRANTY OF ANY KIND, EITHER EXPRESS OR IMPLIED,
     54          |  INCLUDING WITHOUT LIMITATION, ANY WARRANTY OF MERCHANTABILITY, TITLE,
     55          |  NON-INFRINGEMENT AND FITNESS FOR A PARTICULAR PURPOSE. IN NO EVENT SHALL
     56          |  TEXAS INSTRUMENTS OR ITS LICENSORS BE LIABLE OR OBLIGATED UNDER CONTRACT,
     57          |  NEGLIGENCE, STRICT LIABILITY, CONTRIBUTION, BREACH OF WARRANTY, OR OTHER
     58          |  LEGAL EQUITABLE THEORY ANY DIRECT OR INDIRECT DAMAGES OR EXPENSES INCLUDING
     59          |  BUT NOT LIMITED TO ANY INCIDENTAL, SPECIAL, INDIRECT, PUNITIVE OR
     60          |  CONSEQUENTIAL DAMAGES, LOST PROFITS OR LOST DATA, COST OF PROCUREMENT OF
     61          |  SUBSTITUTE GOODS, TECHNOLOGY, SERVICES, OR ANY CLAIMS BY THIRD PARTIES
     62          |  (INCLUDING BUT NOT LIMITED TO ANY DEFENSE THEREOF), OR OTHER SIMILAR COSTS.
     63          |
     64          |  Should you have any questions regarding your right to use this Software,
     65          |  contact Texas Instruments Incorporated at www.TI.com.
     66          |
     67          +------------------------------------------------------------------------------
     68          */


   Segment part sizes:

     Function/Label                         Bytes
     --------------                         -----
     usbDescriptorMarker                      12
     ?<Initializer for usbDescriptorMarker>   12

 
 12 bytes in segment XDATA_I
 12 bytes in segment XDATA_ID
 
 12 bytes of CODE  memory
 12 bytes of XDATA memory

Errors: none
Warnings: none
